app/build/intermediates/manifest_merge_blame_file/debug/manifest-merger-blame-debug-report.txt
1<?xml version="1.0" encoding="utf-8"?>
2<manifest xmlns:android="http://schemas.android.com/apk/res/android"
3    package="com.microbe.recorder"
4    android:versionCode="17"
5    android:versionName="1.4.3" >
6
7    <uses-sdk
8        android:minSdkVersion="26"
9        android:targetSdkVersion="34" />
10
11    <!-- 相机权限 -->
12    <uses-feature
12-->src\main\AndroidManifest.xml:6:5-85
13        android:name="android.hardware.camera"
13-->src\main\AndroidManifest.xml:6:19-57
14        android:required="false" />
14-->src\main\AndroidManifest.xml:6:58-82
15
16    <uses-permission android:name="android.permission.CAMERA" />
16-->src\main\AndroidManifest.xml:7:5-65
16-->src\main\AndroidManifest.xml:7:22-62
17
18    <!-- 录音权限 -->
19    <uses-permission android:name="android.permission.RECORD_AUDIO" />
19-->src\main\AndroidManifest.xml:10:5-71
19-->src\main\AndroidManifest.xml:10:22-68
20
21    <!-- 存储权限 -->
22    <uses-permission
22-->src\main\AndroidManifest.xml:13:5-14:38
23        android:name="android.permission.WRITE_EXTERNAL_STORAGE"
23-->src\main\AndroidManifest.xml:13:22-78
24        android:maxSdkVersion="28" />
24-->src\main\AndroidManifest.xml:14:9-35
25    <uses-permission
25-->src\main\AndroidManifest.xml:15:5-16:38
26        android:name="android.permission.READ_EXTERNAL_STORAGE"
26-->src\main\AndroidManifest.xml:15:22-77
27        android:maxSdkVersion="32" />
27-->src\main\AndroidManifest.xml:16:9-35
28    <uses-permission android:name="android.permission.READ_MEDIA_IMAGES" />
28-->src\main\AndroidManifest.xml:17:5-76
28-->src\main\AndroidManifest.xml:17:22-73
29
30    <!-- 语音识别权限 -->
31    <uses-permission android:name="android.permission.INTERNET" />
31-->src\main\AndroidManifest.xml:20:5-67
31-->src\main\AndroidManifest.xml:20:22-64
32    <uses-permission android:name="android.permission.POST_NOTIFICATIONS" />
32-->src\main\AndroidManifest.xml:21:5-77
32-->src\main\AndroidManifest.xml:21:22-74
33
34    <!-- 声明查询语音识别应用 -->
35    <queries>
35-->src\main\AndroidManifest.xml:24:5-28:15
36        <intent>
36-->src\main\AndroidManifest.xml:25:9-27:18
37            <action android:name="android.speech.RecognitionService" />
37-->src\main\AndroidManifest.xml:26:13-72
37-->src\main\AndroidManifest.xml:26:21-69
38        </intent>
39    </queries>
40
41    <permission
41-->[androidx.core:core:1.12.0] AndroidManifest.xml:22:5-24:47
42        android:name="com.microbe.recorder.DYNAMIC_RECEIVER_NOT_EXPORTED_PERMISSION"
42-->[androidx.core:core:1.12.0] AndroidManifest.xml:23:9-81
43        android:protectionLevel="signature" />
43-->[androidx.core:core:1.12.0] AndroidManifest.xml:24:9-44
44
45    <uses-permission android:name="com.microbe.recorder.DYNAMIC_RECEIVER_NOT_EXPORTED_PERMISSION" />
45-->[androidx.core:core:1.12.0] AndroidManifest.xml:26:5-97
45-->[androidx.core:core:1.12.0] AndroidManifest.xml:26:22-94
46
47    <application
47-->src\main\AndroidManifest.xml:30:5-94:19
48        android:allowBackup="true"
48-->src\main\AndroidManifest.xml:31:9-35
49        android:appComponentFactory="androidx.core.app.CoreComponentFactory"
49-->[androidx.core:core:1.12.0] AndroidManifest.xml:28:18-86
50        android:dataExtractionRules="@xml/data_extraction_rules"
50-->src\main\AndroidManifest.xml:32:9-65
51        android:debuggable="true"
52        android:extractNativeLibs="false"
53        android:fullBackupContent="@xml/backup_rules"
53-->src\main\AndroidManifest.xml:33:9-54
54        android:icon="@mipmap/ic_launcher"
54-->src\main\AndroidManifest.xml:34:9-43
55        android:label="@string/app_name"
55-->src\main\AndroidManifest.xml:35:9-41
56        android:roundIcon="@mipmap/ic_launcher_round"
56-->src\main\AndroidManifest.xml:36:9-54
57        android:supportsRtl="true"
57-->src\main\AndroidManifest.xml:37:9-35
58        android:theme="@style/Theme.MicrobeRecorder" >
58-->src\main\AndroidManifest.xml:38:9-53
59        <activity
59-->src\main\AndroidManifest.xml:41:9-48:20
60            android:name="com.microbe.recorder.MainActivity"
60-->src\main\AndroidManifest.xml:42:13-41
61            android:exported="true" >
61-->src\main\AndroidManifest.xml:43:13-36
62            <intent-filter>
62-->src\main\AndroidManifest.xml:44:13-47:29
63                <action android:name="android.intent.action.MAIN" />
63-->src\main\AndroidManifest.xml:45:17-69
63-->src\main\AndroidManifest.xml:45:25-66
64
65                <category android:name="android.intent.category.LAUNCHER" />
65-->src\main\AndroidManifest.xml:46:17-77
65-->src\main\AndroidManifest.xml:46:27-74
66            </intent-filter>
67        </activity>
68        <activity
68-->src\main\AndroidManifest.xml:50:9-53:58
69            android:name="com.microbe.recorder.AddRecordActivity"
69-->src\main\AndroidManifest.xml:51:13-46
70            android:exported="false"
70-->src\main\AndroidManifest.xml:52:13-37
71            android:windowSoftInputMode="adjustResize" />
71-->src\main\AndroidManifest.xml:53:13-55
72        <activity
72-->src\main\AndroidManifest.xml:55:9-57:40
73            android:name="com.microbe.recorder.RecordDetailActivity"
73-->src\main\AndroidManifest.xml:56:13-49
74            android:exported="false" />
74-->src\main\AndroidManifest.xml:57:13-37
75        <activity
75-->src\main\AndroidManifest.xml:59:9-61:40
76            android:name="com.microbe.recorder.HistoryActivity"
76-->src\main\AndroidManifest.xml:60:13-44
77            android:exported="false" />
77-->src\main\AndroidManifest.xml:61:13-37
78        <activity
78-->src\main\AndroidManifest.xml:63:9-65:40
79            android:name="com.microbe.recorder.TreatmentGroupManageActivity"
79-->src\main\AndroidManifest.xml:64:13-57
80            android:exported="false" />
80-->src\main\AndroidManifest.xml:65:13-37
81        <activity
81-->src\main\AndroidManifest.xml:67:9-69:40
82            android:name="com.microbe.recorder.AddTreatmentGroupActivity"
82-->src\main\AndroidManifest.xml:68:13-54
83            android:exported="false" />
83-->src\main\AndroidManifest.xml:69:13-37
84        <activity
84-->src\main\AndroidManifest.xml:71:9-75:60
85            android:name="com.microbe.recorder.ImageViewerActivity"
85-->src\main\AndroidManifest.xml:72:13-48
86            android:configChanges="orientation|screenSize"
86-->src\main\AndroidManifest.xml:74:13-59
87            android:exported="false"
87-->src\main\AndroidManifest.xml:73:13-37
88            android:theme="@style/Theme.MicrobeRecorder" />
88-->src\main\AndroidManifest.xml:75:13-57
89        <activity
89-->src\main\AndroidManifest.xml:77:9-81:60
90            android:name="com.microbe.recorder.CameraActivity"
90-->src\main\AndroidManifest.xml:78:13-43
91            android:exported="false"
91-->src\main\AndroidManifest.xml:79:13-37
92            android:screenOrientation="portrait"
92-->src\main\AndroidManifest.xml:80:13-49
93            android:theme="@style/Theme.MicrobeRecorder" />
93-->src\main\AndroidManifest.xml:81:13-57
94
95        <!-- FileProvider for camera -->
96        <provider
97            android:name="androidx.core.content.FileProvider"
97-->src\main\AndroidManifest.xml:85:13-62
98            android:authorities="com.microbe.recorder.fileprovider"
98-->src\main\AndroidManifest.xml:86:13-64
99            android:exported="false"
99-->src\main\AndroidManifest.xml:87:13-37
100            android:grantUriPermissions="true" >
100-->src\main\AndroidManifest.xml:88:13-47
101            <meta-data
101-->src\main\AndroidManifest.xml:89:13-91:54
102                android:name="android.support.FILE_PROVIDER_PATHS"
102-->src\main\AndroidManifest.xml:90:17-67
103                android:resource="@xml/file_paths" />
103-->src\main\AndroidManifest.xml:91:17-51
104        </provider>
105
106        <service
106-->[androidx.camera:camera-camera2:1.3.0] AndroidManifest.xml:24:9-33:19
107            android:name="androidx.camera.core.impl.MetadataHolderService"
107-->[androidx.camera:camera-camera2:1.3.0] AndroidManifest.xml:25:13-75
108            android:enabled="false"
108-->[androidx.camera:camera-camera2:1.3.0] AndroidManifest.xml:26:13-36
109            android:exported="false" >
109-->[androidx.camera:camera-camera2:1.3.0] AndroidManifest.xml:27:13-37
110            <meta-data
110-->[androidx.camera:camera-camera2:1.3.0] AndroidManifest.xml:30:13-32:89
111                android:name="androidx.camera.core.impl.MetadataHolderService.DEFAULT_CONFIG_PROVIDER"
111-->[androidx.camera:camera-camera2:1.3.0] AndroidManifest.xml:31:17-103
112                android:value="androidx.camera.camera2.Camera2Config$DefaultProvider" />
112-->[androidx.camera:camera-camera2:1.3.0] AndroidManifest.xml:32:17-86
113        </service>
114
115        <provider
115-->[androidx.emoji2:emoji2:1.2.0] AndroidManifest.xml:24:9-32:20
116            android:name="androidx.startup.InitializationProvider"
116-->[androidx.emoji2:emoji2:1.2.0] AndroidManifest.xml:25:13-67
117            android:authorities="com.microbe.recorder.androidx-startup"
117-->[androidx.emoji2:emoji2:1.2.0] AndroidManifest.xml:26:13-68
118            android:exported="false" >
118-->[androidx.emoji2:emoji2:1.2.0] AndroidManifest.xml:27:13-37
119            <meta-data
119-->[androidx.emoji2:emoji2:1.2.0] AndroidManifest.xml:29:13-31:52
120                android:name="androidx.emoji2.text.EmojiCompatInitializer"
120-->[androidx.emoji2:emoji2:1.2.0] AndroidManifest.xml:30:17-75
121                android:value="androidx.startup" />
121-->[androidx.emoji2:emoji2:1.2.0] AndroidManifest.xml:31:17-49
122            <meta-data
122-->[androidx.lifecycle:lifecycle-process:2.6.2] AndroidManifest.xml:29:13-31:52
123                android:name="androidx.lifecycle.ProcessLifecycleInitializer"
123-->[androidx.lifecycle:lifecycle-process:2.6.2] AndroidManifest.xml:30:17-78
124                android:value="androidx.startup" />
124-->[androidx.lifecycle:lifecycle-process:2.6.2] AndroidManifest.xml:31:17-49
125            <meta-data
125-->[androidx.profileinstaller:profileinstaller:1.3.0] AndroidManifest.xml:29:13-31:52
126                android:name="androidx.profileinstaller.ProfileInstallerInitializer"
126-->[androidx.profileinstaller:profileinstaller:1.3.0] AndroidManifest.xml:30:17-85
127                android:value="androidx.startup" />
127-->[androidx.profileinstaller:profileinstaller:1.3.0] AndroidManifest.xml:31:17-49
128        </provider>
129
130        <service
130-->[androidx.room:room-runtime:2.6.0] AndroidManifest.xml:24:9-28:63
131            android:name="androidx.room.MultiInstanceInvalidationService"
131-->[androidx.room:room-runtime:2.6.0] AndroidManifest.xml:25:13-74
132            android:directBootAware="true"
132-->[androidx.room:room-runtime:2.6.0] AndroidManifest.xml:26:13-43
133            android:exported="false" />
133-->[androidx.room:room-runtime:2.6.0] AndroidManifest.xml:27:13-37
134
135        <receiver
135-->[androidx.profileinstaller:profileinstaller:1.3.0] AndroidManifest.xml:34:9-52:20
136            android:name="androidx.profileinstaller.ProfileInstallReceiver"
136-->[androidx.profileinstaller:profileinstaller:1.3.0] AndroidManifest.xml:35:13-76
137            android:directBootAware="false"
137-->[androidx.profileinstaller:profileinstaller:1.3.0] AndroidManifest.xml:36:13-44
138            android:enabled="true"
138-->[androidx.profileinstaller:profileinstaller:1.3.0] AndroidManifest.xml:37:13-35
139            android:exported="true"
139-->[androidx.profileinstaller:profileinstaller:1.3.0] AndroidManifest.xml:38:13-36
140            android:permission="android.permission.DUMP" >
140-->[androidx.profileinstaller:profileinstaller:1.3.0] AndroidManifest.xml:39:13-57
141            <intent-filter>
141-->[androidx.profileinstaller:profileinstaller:1.3.0] AndroidManifest.xml:40:13-42:29
142                <action android:name="androidx.profileinstaller.action.INSTALL_PROFILE" />
142-->[androidx.profileinstaller:profileinstaller:1.3.0] AndroidManifest.xml:41:17-91
142-->[androidx.profileinstaller:profileinstaller:1.3.0] AndroidManifest.xml:41:25-88
143            </intent-filter>
144            <intent-filter>
144-->[androidx.profileinstaller:profileinstaller:1.3.0] AndroidManifest.xml:43:13-45:29
145                <action android:name="androidx.profileinstaller.action.SKIP_FILE" />
145-->[androidx.profileinstaller:profileinstaller:1.3.0] AndroidManifest.xml:44:17-85
145-->[androidx.profileinstaller:profileinstaller:1.3.0] AndroidManifest.xml:44:25-82
146            </intent-filter>
147            <intent-filter>
147-->[androidx.profileinstaller:profileinstaller:1.3.0] AndroidManifest.xml:46:13-48:29
148                <action android:name="androidx.profileinstaller.action.SAVE_PROFILE" />
148-->[androidx.profileinstaller:profileinstaller:1.3.0] AndroidManifest.xml:47:17-88
148-->[androidx.profileinstaller:profileinstaller:1.3.0] AndroidManifest.xml:47:25-85
149            </intent-filter>
150            <intent-filter>
150-->[androidx.profileinstaller:profileinstaller:1.3.0] AndroidManifest.xml:49:13-51:29
151                <action android:name="androidx.profileinstaller.action.BENCHMARK_OPERATION" />
151-->[androidx.profileinstaller:profileinstaller:1.3.0] AndroidManifest.xml:50:17-95
151-->[androidx.profileinstaller:profileinstaller:1.3.0] AndroidManifest.xml:50:25-92
152            </intent-filter>
153        </receiver>
154    </application>
155
156</manifest>